<?xml version="1.0" encoding="UTF-8"?>
<!-- Generated by org.testng.reporters.JUnitReportReporter -->
<testsuite hostname="DESKTOP-L4NSR6G" failures="0" tests="1" name="TestProject.Login" time="15.145" errors="0" timestamp="2024-12-21T12:53:28 IST" skipped="0">
  <testcase classname="TestProject.Login" name="TestBannedAccount" time="15.145"/>
  <system-out/>
</testsuite> <!-- TestProject.Login -->
