<?xml version="1.0" encoding="UTF-8"?>
<!-- Generated by org.testng.reporters.JUnitReportReporter -->
<testsuite hostname="DESKTOP-L4NSR6G" failures="0" tests="12" name="TestProject.ProductFilter" time="289.232" errors="0" timestamp="2024-12-21T19:23:55 IST" skipped="0">
  <testcase classname="TestProject.ProductFilter" name="LowestRating" time="24.811"/>
  <system-out/>
  <testcase classname="TestProject.ProductFilter" name="NameAtoZ" time="20.140"/>
  <system-out/>
  <testcase classname="TestProject.ProductFilter" name="NonExistentBrand" time="18.188"/>
  <system-out/>
  <testcase classname="TestProject.ProductFilter" name="FilterPriceHighToLow" time="31.689"/>
  <system-out/>
  <testcase classname="TestProject.ProductFilter" name="validProductName" time="24.695"/>
  <system-out/>
  <testcase classname="TestProject.ProductFilter" name="FilterPriceLowToHigh" time="27.263"/>
  <system-out/>
  <testcase classname="TestProject.ProductFilter" name="ModelAtoZ" time="19.253"/>
  <system-out/>
  <testcase classname="TestProject.ProductFilter" name="HighestRating" time="25.599"/>
  <system-out/>
  <testcase classname="TestProject.ProductFilter" name="NameZtoA" time="28.112"/>
  <system-out/>
  <testcase classname="TestProject.ProductFilter" name="MultipleFilters" time="32.993"/>
  <system-out/>
  <testcase classname="TestProject.ProductFilter" name="BrandFilter" time="16.428"/>
  <system-out/>
  <testcase classname="TestProject.ProductFilter" name="ModelZtoA" time="20.061"/>
  <system-out/>
</testsuite> <!-- TestProject.ProductFilter -->
